source/app/build/outputs/mapping/release/seeds.txt
com.gmail.omsjsr.smartcamera.LauncherActivity
com.gmail.omsjsr.smartcamera.DelegationService
com.gmail.omsjsr.smartcamera.Application
com.gmail.omsjsr.smartcamera.LauncherActivity: LauncherActivity()
com.gmail.omsjsr.smartcamera.Application: Application()
com.gmail.omsjsr.smartcamera.DelegationService: DelegationService()
...
androidx.vectordrawable.graphics.drawable.VectorDrawableCompat$VPath: java.lang.String getPathName()
androidx.appcompat.widget.AppCompatTextView: void setFilters(android.text.InputFilter[])
androidx.appcompat.widget.Toolbar: void setCollapseIcon(int)
androidx.core.view.WindowInsetsCompat$Impl29: void setStableInsets(androidx.core.graphics.Insets)
androidx.core.widget.TextViewCompat$Api28Impl: java.lang.String[] getDigitStrings(android.icu.text.DecimalFormatSymbols)
androidx.vectordrawable.graphics.drawable.VectorDrawableCompat$VGroup: android.graphics.Matrix getLocalMatrix()
androidx.appcompat.view.menu.ExpandedMenuView: ExpandedMenuView(android.content.Context,android.util.AttributeSet)
androidx.appcompat.widget.AppCompatImageButton: void setBackgroundDrawable(android.graphics.drawable.Drawable)
androidx.core.content.res.ResourcesCompat$Api21Impl: android.graphics.drawable.Drawable getDrawable(android.content.res.Resources,int,android.content.res.Resources$Theme)
androidx.core.view.accessibility.AccessibilityNodeInfoCompat$Api30Impl: void setStateDescription(android.view.accessibility.AccessibilityNodeInfo,java.lang.CharSequence)
androidx.core.graphics.drawable.DrawableCompat$Api23Impl: boolean setLayoutDirection(android.graphics.drawable.Drawable,int)
androidx.core.view.DisplayCutoutCompat$Api28Impl: android.view.DisplayCutout createDisplayCutout(android.graphics.Rect,java.util.List)
androidx.core.graphics.drawable.IconCompat$Api23Impl: android.net.Uri getUri(java.lang.Object)
androidx.core.view.WindowInsetsCompat$Impl20: androidx.core.graphics.Insets getInsetsForType(int,boolean)
androidx.vectordrawable.graphics.drawable.VectorDrawableCompat$VGroup: void setRotation(float)
androidx.vectordrawable.graphics.drawable.VectorDrawableCompat$VGroup: java.lang.String getGroupName()
androidx.core.view.ViewCompat$Api23Impl: androidx.core.view.WindowInsetsCompat getRootWindowInsets(android.view.View)
androidx.core.view.accessibility.AccessibilityNodeInfoCompat$Api34Impl: void setContainerTitle(android.view.accessibility.AccessibilityNodeInfo,java.lang.CharSequence)
androidx.lifecycle.ReportFragment$LifecycleCallbacks: void onActivityPrePaused(android.app.Activity)
androidx.lifecycle.ReportFragment$LifecycleCallbacks: void onActivityPreDestroyed(android.app.Activity)
androidx.appcompat.view.menu.ListMenuItemView: void setForceShowIcon(boolean)
androidx.core.widget.NestedScrollView: int getNestedScrollAxes()
androidx.core.view.ViewCompat$Api30Impl: boolean isImportantForContentCapture(android.view.View)
androidx.appcompat.view.menu.ActionMenuItemView: void setIcon(android.graphics.drawable.Drawable)
androidx.core.view.WindowInsetsCompat$BuilderImpl: WindowInsetsCompat$BuilderImpl()
androidx.core.view.ViewCompat$Api21Impl: boolean startNestedScroll(android.view.View,int)
androidx.core.view.WindowInsetsCompat$Impl28: boolean equals(java.lang.Object)
androidx.appcompat.widget.LinearLayoutCompat: void setMeasureWithLargestChildEnabled(boolean)
androidx.core.view.MenuItemCompat$Api26Impl: java.lang.CharSequence getContentDescription(android.view.MenuItem)
androidx.vectordrawable.graphics.drawable.VectorDrawableCompat$VPathRenderer: int getRootAlpha()
androidx.core.widget.ImageViewCompat$Api21Impl: android.content.res.ColorStateList getImageTintList(android.widget.ImageView)
androidx.appcompat.widget.ActionBarOverlayLayout: void setUiOptions(int)
androidx.appcompat.widget.Toolbar: void setLogoDescription(int)
androidx.core.graphics.drawable.DrawableCompat$Api21Impl: void setTintMode(android.graphics.drawable.Drawable,android.graphics.PorterDuff$Mode)
androidx.core.view.MenuItemCompat$Api26Impl: int getAlphabeticModifiers(android.view.MenuItem)
androidx.appcompat.view.menu.ActionMenuItemView: void setCheckable(boolean)
androidx.appcompat.widget.ActionBarContainer: void setVisibility(int)
android.support.v4.app.RemoteActionCompatParcelizer: androidx.core.app.RemoteActionCompat read(androidx.versionedparcelable.VersionedParcel)