source/app/build/outputs/mapping/release/mapping.txt
# compiler: R8
# compiler_version: 8.12.14
# min_api: 23
# common_typos_disable
# {"id":"com.android.tools.r8.mapping","version":"2.2"}
# pg_map_id: da702339056f27eafe067c306fcff7842571dd444e396cde04f45c4061117fe3
# pg_map_hash: SHA-256 da702339056f27eafe067c306fcff7842571dd444e396cde04f45c4061117fe3
com.gmail.omsjsr.smartcamera.Application -> com.gmail.omsjsr.smartcamera.Application:
# {"id":"sourceFile","fileName":"Application.java"}
    1:4:void <init>():20:20 -> <init>
    1:4:void onCreate():27:27 -> onCreate
com.gmail.omsjsr.smartcamera.DelegationService -> com.gmail.omsjsr.smartcamera.DelegationService:
# {"id":"sourceFile","fileName":"DelegationService.java"}
    1:4:void <init>():5:5 -> <init>
    1:4:void onCreate():10:10 -> onCreate
com.gmail.omsjsr.smartcamera.LauncherActivity -> com.gmail.omsjsr.smartcamera.LauncherActivity:
# {"id":"sourceFile","fileName":"LauncherActivity.java"}
    1:4:void <init>():25:25 -> <init>
    1:5:android.net.Uri getLaunchingUrl():51:51 -> i
    1:3:void onCreate(android.os.Bundle):34:34 -> onCreate
    4:10:void onCreate(android.os.Bundle):40:40 -> onCreate
    11:14:void onCreate(android.os.Bundle):41:41 -> onCreate
    15:18:void onCreate(android.os.Bundle):43:43 -> onCreate
...
android.app.AppComponentFactory -> android.app.AppComponentFactory:
# {"id":"com.android.tools.r8.synthesized"}
    void <clinit>() -> <clinit>
      # {"id":"com.android.tools.r8.synthesized"}
android.support.customtabs.ICustomTabsCallback -> a.a:
# {"id":"sourceFile","fileName":"ICustomTabsCallback.java"}
    java.lang.String DESCRIPTOR -> a
    5:13:void <clinit>():399:399 -> <clinit>
    void onActivityResized(int,int,android.os.Bundle) -> a
    android.os.Bundle extraCallbackWithResult(java.lang.String,android.os.Bundle) -> c
    void onPostMessage(java.lang.String,android.os.Bundle) -> h
    void extraCallback(java.lang.String,android.os.Bundle) -> k
    void onActivityLayout(int,int,int,int,int,android.os.Bundle) -> m
    void onMessageChannelReady(android.os.Bundle) -> n
    void onRelationshipValidationResult(int,android.net.Uri,boolean,android.os.Bundle) -> r
    void onWarmupCompleted(android.os.Bundle) -> s
    void onMinimized(android.os.Bundle) -> t
    void onUnminimized(android.os.Bundle) -> v
    void onNavigationEvent(int,android.os.Bundle) -> w
android.support.customtabs.ICustomTabsCallback$Stub -> a.a$a:
# {"id":"sourceFile","fileName":"ICustomTabsCallback.java"}
    1:3:void <init>():60:60 -> <init>
    4:9:void <init>():61:61 -> <init>
    1:1:android.os.IBinder asBinder():80:80 -> asBinder
    1:10:boolean onTransact(int,android.os.Parcel,android.os.Parcel,int):84:84 -> onTransact
    11:18:boolean onTransact(int,android.os.Parcel,android.os.Parcel,int):86:86 -> onTransact
    19:25:boolean onTransact(int,android.os.Parcel,android.os.Parcel,int):89:89 -> onTransact
    26:30:boolean onTransact(int,android.os.Parcel,android.os.Parcel,int):205:205 -> onTransact
    31:38:boolean onTransact(int,android.os.Parcel,android.os.Parcel,int):199:199 -> onTransact
    39:44:boolean onTransact(int,android.os.Parcel,android.os.Parcel,int):200:200 -> onTransact
    45:52:boolean onTransact(int,android.os.Parcel,android.os.Parcel,int):192:192 -> onTransact
    53:56:boolean onTransact(int,android.os.Parcel,android.os.Parcel,int):193:193 -> onTransact
    57:60:boolean onTransact(int,android.os.Parcel,android.os.Parcel,int):175:175 -> onTransact
    61:64:boolean onTransact(int,android.os.Parcel,android.os.Parcel,int):177:177 -> onTransact
    65:68:boolean onTransact(int,android.os.Parcel,android.os.Parcel,int):179:179 -> onTransact
    69:72:boolean onTransact(int,android.os.Parcel,android.os.Parcel,int):181:181 -> onTransact
    73:76:boolean onTransact(int,android.os.Parcel,android.os.Parcel,int):183:183 -> onTransact
android.support.customtabs.ICustomTabsCallback$_Parcel -> a.a$b:
# {"id":"sourceFile","fileName":"ICustomTabsCallback.java"}
    1:5:java.lang.Object access$000(android.os.Parcel,android.os.Parcelable$Creator):414:414 -> a
    1:4:void access$100(android.os.Parcel,android.os.Parcelable,int):414:414 -> b
    1:6:java.lang.Object readTypedObject(android.os.Parcel,android.os.Parcelable$Creator):418:418 -> c
    7:13:java.lang.Object readTypedObject(android.os.Parcel,android.os.Parcelable$Creator):419:419 -> c
    4:6:void writeTypedObject(android.os.Parcel,android.os.Parcelable,int):427:427 -> d
    7:11:void writeTypedObject(android.os.Parcel,android.os.Parcelable,int):428:428 -> d
    12:15:void writeTypedObject(android.os.Parcel,android.os.Parcelable,int):430:430 -> d