source/app/build/outputs/mapping/release/usage.txt
com.gmail.omsjsr.smartcamera.R$bool
com.gmail.omsjsr.smartcamera.R$color
com.gmail.omsjsr.smartcamera.R$drawable
com.gmail.omsjsr.smartcamera.R$integer
com.gmail.omsjsr.smartcamera.R$mipmap
com.gmail.omsjsr.smartcamera.R$raw
com.gmail.omsjsr.smartcamera.R$string
com.gmail.omsjsr.smartcamera.R$xml
com.gmail.omsjsr.smartcamera.R
...
kotlinx.coroutines.internal.OnDemandAllocatingPool
kotlinx.coroutines.internal.OnDemandAllocatingPoolKt
kotlinx.coroutines.internal.OnUndeliveredElementKt$bindCancellationFun$1
kotlinx.coroutines.internal.OnUndeliveredElementKt
kotlinx.coroutines.internal.OpDescriptor
kotlinx.coroutines.internal.ProbesSupportKt
kotlinx.coroutines.internal.Removed
kotlinx.coroutines.internal.ResizableAtomicArray
kotlinx.coroutines.internal.ScopeCoroutine
kotlinx.coroutines.internal.Segment
kotlinx.coroutines.internal.SegmentOrClosed
kotlinx.coroutines.internal.StackTraceRecoveryKt
kotlinx.coroutines.internal.Symbol
kotlinx.coroutines.internal.SynchronizedKt
kotlinx.coroutines.internal.Synchronized_commonKt
kotlinx.coroutines.internal.SystemPropsKt
kotlinx.coroutines.internal.SystemPropsKt__SystemPropsKt
kotlinx.coroutines.internal.SystemPropsKt__SystemProps_commonKt
kotlinx.coroutines.internal.ThreadContextKt$countAll$1
kotlinx.coroutines.internal.ThreadContextKt$findOne$1
kotlinx.coroutines.internal.ThreadContextKt$updateState$1
kotlinx.coroutines.internal.ThreadContextKt
kotlinx.coroutines.internal.ThreadLocalElement
kotlinx.coroutines.internal.ThreadLocalKey
kotlinx.coroutines.internal.ThreadLocalKt
kotlinx.coroutines.internal.ThreadSafeHeap
kotlinx.coroutines.internal.ThreadSafeHeapNode
kotlinx.coroutines.internal.ThreadState
kotlinx.coroutines.internal.UndeliveredElementException
kotlinx.coroutines.internal.WeakMapCtorCache
kotlinx.coroutines.intrinsics.CancellableKt
kotlinx.coroutines.intrinsics.UndispatchedKt
kotlinx.coroutines.scheduling.CoroutineScheduler$Companion
kotlinx.coroutines.scheduling.CoroutineScheduler$WhenMappings
kotlinx.coroutines.scheduling.CoroutineScheduler$Worker
kotlinx.coroutines.scheduling.CoroutineScheduler$WorkerState
kotlinx.coroutines.scheduling.CoroutineScheduler
kotlinx.coroutines.scheduling.CoroutineSchedulerKt
kotlinx.coroutines.scheduling.DefaultIoScheduler
kotlinx.coroutines.scheduling.DefaultScheduler
kotlinx.coroutines.scheduling.ExperimentalCoroutineDispatcher
kotlinx.coroutines.scheduling.GlobalQueue
kotlinx.coroutines.scheduling.LimitingDispatcher
kotlinx.coroutines.scheduling.NanoTimeSource
kotlinx.coroutines.scheduling.SchedulerCoroutineDispatcher
kotlinx.coroutines.scheduling.SchedulerTimeSource
kotlinx.coroutines.scheduling.Task
kotlinx.coroutines.scheduling.TaskContext
kotlinx.coroutines.scheduling.TaskContextImpl
kotlinx.coroutines.scheduling.TaskImpl
kotlinx.coroutines.scheduling.TasksKt
kotlinx.coroutines.scheduling.UnlimitedIoScheduler
kotlinx.coroutines.scheduling.WorkQueue
kotlinx.coroutines.scheduling.WorkQueueKt
kotlinx.coroutines.selects.OnTimeout$register$$inlined$Runnable$1
kotlinx.coroutines.selects.OnTimeout$selectClause$1
kotlinx.coroutines.selects.OnTimeout
kotlinx.coroutines.selects.OnTimeoutKt
kotlinx.coroutines.selects.SelectBuilder$DefaultImpls
kotlinx.coroutines.selects.SelectBuilder
kotlinx.coroutines.selects.SelectBuilderImpl$getResult$1
kotlinx.coroutines.selects.SelectBuilderImpl
kotlinx.coroutines.selects.SelectClause0
kotlinx.coroutines.selects.SelectClause0Impl
kotlinx.coroutines.selects.SelectClause1
kotlinx.coroutines.selects.SelectClause1Impl
kotlinx.coroutines.selects.SelectClause2
kotlinx.coroutines.selects.SelectClause2Impl
kotlinx.coroutines.selects.SelectClause
kotlinx.coroutines.selects.SelectImplementation$ClauseData
kotlinx.coroutines.selects.SelectImplementation$doSelectSuspend$1
kotlinx.coroutines.selects.SelectImplementation$processResultAndInvokeBlockRecoveringException$1
kotlinx.coroutines.selects.SelectImplementation
kotlinx.coroutines.selects.SelectInstance
kotlinx.coroutines.selects.SelectInstanceInternal
kotlinx.coroutines.selects.SelectKt$DUMMY_PROCESS_RESULT_FUNCTION$1
kotlinx.coroutines.selects.SelectKt
kotlinx.coroutines.selects.SelectOldKt
kotlinx.coroutines.selects.SelectUnbiasedKt
kotlinx.coroutines.selects.TrySelectDetailedResult
kotlinx.coroutines.selects.UnbiasedSelectBuilderImpl$initSelectResult$1